2023-01-16 15:56:53,342 P12380 INFO {
    "batch_norm": "False",
    "batch_size": "1000",
    "cin_layer_units": "[64, 64, 64]",
    "data_format": "csv",
    "data_root": "../data/criteo",
    "dataset_id": "criteo_x4_a0d2d469",
    "debug": "False",
    "dnn_hidden_units": "[500, 500, 500, 500, 500]",
    "embedding_dim": "16",
    "embedding_dropout": "0",
    "embedding_regularizer": "0.0001",
    "epochs": "30",
    "every_x_epochs": "1",
    "feature_cols": "[{'active': True, 'dtype': 'float', 'na_value': 0, 'name': ['I1', 'I2', 'I3', 'I4', 'I5', 'I6', 'I7', 'I8', 'I9', 'I10', 'I11', 'I12', 'I13'], 'preprocess': 'convert_to_bucket', 'type': 'categorical'}, {'active': True, 'dtype': 'str', 'na_value': '', 'name': ['C1', 'C2', 'C3', 'C4', 'C5', 'C6', 'C7', 'C8', 'C9', 'C10', 'C11', 'C12', 'C13', 'C14', 'C15', 'C16', 'C17', 'C18', 'C19', 'C20', 'C21', 'C22', 'C23', 'C24', 'C25', 'C26'], 'type': 'categorical'}]",
    "gpu": "-1",
    "hidden_activations": "relu",
    "label_col": "{'dtype': 'float', 'name': 'Label'}",
    "learning_rate": "0.001",
    "loss": "binary_crossentropy",
    "metrics": "['logloss', 'AUC']",
    "model": "xDeepFM",
    "model_id": "xDeepFM_criteo_x4_001_cb2c8715",
    "model_root": "./checkpoints/",
    "monitor": "{'AUC': 1, 'logloss': -1}",
    "monitor_mode": "max",
    "net_dropout": "0.2",
    "net_regularizer": "0",
    "optimizer": "adam",
    "patience": "2",
    "pickle_feature_encoder": "True",
    "save_best_only": "True",
    "seed": "2019",
    "shuffle": "True",
    "task": "binary_classification",
    "test_data": "../data/criteo_x4/test.csv",
    "train_data": "../data/criteo_x4/train.csv",
    "use_hdf5": "True",
    "valid_data": "../data/criteo_x4/valid.csv",
    "verbose": "1",
    "version": "pytorch",
    "workers": "8"
}
2023-01-16 15:56:53,343 P12380 INFO Set up feature encoder...
2023-01-16 15:56:53,343 P12380 INFO Reading file: ../data/criteo_x4/train.csv
