2023-01-16 15:41:53,651 P18676 INFO {
    "batch_norm": "False",
    "batch_size": "10000",
    "cin_layer_units": "[64, 64, 64]",
    "data_format": "h5",
    "data_root": "../data/",
    "dataset_id": "criteo_x4",
    "debug": "False",
    "dnn_hidden_units": "[1000, 1000, 1000, 1000, 1000]",
    "embedding_dim": "16",
    "embedding_dropout": "0",
    "embedding_regularizer": "0.001",
    "epochs": "30",
    "every_x_epochs": "1",
    "gpu": "-1",
    "hidden_activations": "relu",
    "learning_rate": "0.001",
    "loss": "binary_crossentropy",
    "metrics": "['logloss', 'AUC']",
    "model": "xDeepFM",
    "model_id": "xDeepFM_criteo_x4_007_f9e14b45",
    "model_root": "./checkpoints/",
    "monitor": "{'AUC': 1, 'logloss': -1}",
    "monitor_mode": "max",
    "net_dropout": "0.2",
    "net_regularizer": "0",
    "optimizer": "adam",
    "patience": "2",
    "pickle_feature_encoder": "True",
    "save_best_only": "True",
    "seed": "2019",
    "shuffle": "True",
    "task": "binary_classification",
    "test_data": "../data/criteo_x4/test.h5",
    "train_data": "../data/criteo_x4/train.h5",
    "use_hdf5": "True",
    "valid_data": "../data/criteo_x4/valid.h5",
    "verbose": "1",
    "version": "pytorch",
    "workers": "8"
}
